<?xml version="1.0" encoding="UTF-8"?>
<!-- Generated by org.testng.reporters.JUnitXMLReporter -->
<testsuite ignored="2" hostname="ConstantinSDET" failures="1" tests="1" name="Command line test" time="30.957" errors="0" timestamp="07 Jul. 2023 21:48:37 GMT">
  <testcase classname="JobCafeTest" name="jobCafeTest" time="0.016">
    <failure type="java.lang.IllegalArgumentException" message="Input must be set">
      <![CDATA[java.lang.IllegalArgumentException: Input must be set
at org.openqa.selenium.internal.Require.nonNull(Require.java:60)
at org.openqa.selenium.support.ui.FluentWait.<init>(FluentWait.java:94)
at org.openqa.selenium.support.ui.WebDriverWait.<init>(WebDriverWait.java:74)
at org.openqa.selenium.support.ui.WebDriverWait.<init>(WebDriverWait.java:43)
at core.PageBase.<init>(PageBase.java:15)
at pageObjects.AboutUsPage.<init>(AboutUsPage.java:8)
at JobCafeTest.jobCafeTest(JobCafeTest.java:18)
... Removed 35 stack frames]]>
    </failure>
  </testcase> <!-- jobCafeTest -->
  <testcase classname="core.TestBase" name="@BeforeTest setupDriver" time="0.0">
    <ignored/>
  </testcase> <!-- @BeforeTest setupDriver -->
  <testcase classname="core.TestBase" name="@AfterTest quitBrowser" time="0.0">
    <ignored/>
  </testcase> <!-- @AfterTest quitBrowser -->
</testsuite> <!-- Command line test -->
